<?xml version="1.0" encoding="UTF-8"?>
<testng-results ignored="0" total="8" passed="7" failed="0" skipped="1">
  <reporter-output>
  </reporter-output>
  <suite started-at="2025-05-10T17:41:15 MDT" name="CBT_Suite" finished-at="2025-05-10T17:44:25 MDT" duration-ms="190041">
    <groups>
    </groups>
    <test started-at="2025-05-10T17:41:15 MDT" name="ChromeTestResults" finished-at="2025-05-10T17:42:02 MDT" duration-ms="46697">
      <class name="com.testNGDemo.CrossBrowserTesting">
        <test-method is-config="true" signature="beforeClass(java.lang.String)[pri:0, instance:com.testNGDemo.CrossBrowserTesting@24959ca4]" started-at="2025-05-10T17:41:16 MDT" name="beforeClass" finished-at="2025-05-10T17:41:19 MDT" duration-ms="3897" status="PASS">
          <params>
            <param index="0">
              <value>
                <![CDATA[Chrome]]>
              </value>
            </param>
          </params>
          <reporter-output>
          </reporter-output>
        </test-method> <!-- beforeClass -->
        <test-method signature="f()[pri:0, instance:com.testNGDemo.CrossBrowserTesting@24959ca4]" started-at="2025-05-10T17:41:19 MDT" name="f" finished-at="2025-05-10T17:41:30 MDT" duration-ms="10094" status="PASS">
          <reporter-output>
          </reporter-output>
        </test-method> <!-- f -->
        <test-method is-config="true" signature="afterClass()[pri:0, instance:com.testNGDemo.CrossBrowserTesting@24959ca4]" started-at="2025-05-10T17:41:30 MDT" name="afterClass" finished-at="2025-05-10T17:41:30 MDT" duration-ms="9" status="PASS">
          <reporter-output>
          </reporter-output>
        </test-method> <!-- afterClass -->
      </class> <!-- com.testNGDemo.CrossBrowserTesting -->
      <class name="com.testNGDemo.CrossBrowser">
        <test-method is-config="true" signature="beforeClass()[pri:0, instance:com.testNGDemo.CrossBrowser@7068e664]" started-at="2025-05-10T17:41:30 MDT" name="beforeClass" finished-at="2025-05-10T17:41:48 MDT" duration-ms="18916" status="PASS">
          <reporter-output>
          </reporter-output>
        </test-method> <!-- beforeClass -->
        <test-method signature="f()[pri:0, instance:com.testNGDemo.CrossBrowser@7068e664]" started-at="2025-05-10T17:41:48 MDT" name="f" finished-at="2025-05-10T17:42:01 MDT" duration-ms="12231" status="PASS">
          <reporter-output>
          </reporter-output>
        </test-method> <!-- f -->
        <test-method is-config="true" signature="afterClass()[pri:0, instance:com.testNGDemo.CrossBrowser@7068e664]" started-at="2025-05-10T17:42:01 MDT" name="afterClass" finished-at="2025-05-10T17:42:02 MDT" duration-ms="1425" status="PASS">
          <reporter-output>
          </reporter-output>
        </test-method> <!-- afterClass -->
      </class> <!-- com.testNGDemo.CrossBrowser -->
    </test> <!-- ChromeTestResults -->
    <test started-at="2025-05-10T17:42:02 MDT" name="EdgeTestResults" finished-at="2025-05-10T17:42:55 MDT" duration-ms="52822">
      <class name="com.testNGDemo.CrossBrowserTesting">
        <test-method is-config="true" signature="beforeClass(java.lang.String)[pri:0, instance:com.testNGDemo.CrossBrowserTesting@81d9a72]" started-at="2025-05-10T17:42:02 MDT" name="beforeClass" finished-at="2025-05-10T17:42:11 MDT" duration-ms="9138" status="PASS">
          <params>
            <param index="0">
              <value>
                <![CDATA[Edge]]>
              </value>
            </param>
          </params>
          <reporter-output>
          </reporter-output>
        </test-method> <!-- beforeClass -->
        <test-method signature="f()[pri:0, instance:com.testNGDemo.CrossBrowserTesting@81d9a72]" started-at="2025-05-10T17:42:11 MDT" name="f" finished-at="2025-05-10T17:42:23 MDT" duration-ms="11150" status="PASS">
          <reporter-output>
          </reporter-output>
        </test-method> <!-- f -->
        <test-method is-config="true" signature="afterClass()[pri:0, instance:com.testNGDemo.CrossBrowserTesting@81d9a72]" started-at="2025-05-10T17:42:23 MDT" name="afterClass" finished-at="2025-05-10T17:42:23 MDT" duration-ms="1" status="PASS">
          <reporter-output>
          </reporter-output>
        </test-method> <!-- afterClass -->
      </class> <!-- com.testNGDemo.CrossBrowserTesting -->
      <class name="com.testNGDemo.CrossBrowser">
        <test-method is-config="true" signature="beforeClass()[pri:0, instance:com.testNGDemo.CrossBrowser@747f281]" started-at="2025-05-10T17:42:23 MDT" name="beforeClass" finished-at="2025-05-10T17:42:42 MDT" duration-ms="19278" status="PASS">
          <reporter-output>
          </reporter-output>
        </test-method> <!-- beforeClass -->
        <test-method signature="f()[pri:0, instance:com.testNGDemo.CrossBrowser@747f281]" started-at="2025-05-10T17:42:42 MDT" name="f" finished-at="2025-05-10T17:42:54 MDT" duration-ms="11780" status="PASS">
          <reporter-output>
          </reporter-output>
        </test-method> <!-- f -->
        <test-method is-config="true" signature="afterClass()[pri:0, instance:com.testNGDemo.CrossBrowser@747f281]" started-at="2025-05-10T17:42:54 MDT" name="afterClass" finished-at="2025-05-10T17:42:55 MDT" duration-ms="1459" status="PASS">
          <reporter-output>
          </reporter-output>
        </test-method> <!-- afterClass -->
      </class> <!-- com.testNGDemo.CrossBrowser -->
    </test> <!-- EdgeTestResults -->
    <test started-at="2025-05-10T17:42:55 MDT" name="FirefoxTestResults" finished-at="2025-05-10T17:43:49 MDT" duration-ms="54013">
      <class name="com.testNGDemo.CrossBrowserTesting">
        <test-method is-config="true" signature="beforeClass(java.lang.String)[pri:0, instance:com.testNGDemo.CrossBrowserTesting@4808bc9b]" started-at="2025-05-10T17:42:55 MDT" name="beforeClass" finished-at="2025-05-10T17:43:02 MDT" duration-ms="6937" status="PASS">
          <params>
            <param index="0">
              <value>
                <![CDATA[Firefox]]>
              </value>
            </param>
          </params>
          <reporter-output>
          </reporter-output>
        </test-method> <!-- beforeClass -->
        <test-method signature="f()[pri:0, instance:com.testNGDemo.CrossBrowserTesting@4808bc9b]" started-at="2025-05-10T17:43:02 MDT" name="f" finished-at="2025-05-10T17:43:12 MDT" duration-ms="9490" status="PASS">
          <reporter-output>
          </reporter-output>
        </test-method> <!-- f -->
        <test-method is-config="true" signature="afterClass()[pri:0, instance:com.testNGDemo.CrossBrowserTesting@4808bc9b]" started-at="2025-05-10T17:43:12 MDT" name="afterClass" finished-at="2025-05-10T17:43:12 MDT" duration-ms="1" status="PASS">
          <reporter-output>
          </reporter-output>
        </test-method> <!-- afterClass -->
      </class> <!-- com.testNGDemo.CrossBrowserTesting -->
      <class name="com.testNGDemo.CrossBrowser">
        <test-method is-config="true" signature="beforeClass()[pri:0, instance:com.testNGDemo.CrossBrowser@70e38ce1]" started-at="2025-05-10T17:43:12 MDT" name="beforeClass" finished-at="2025-05-10T17:43:35 MDT" duration-ms="23908" status="PASS">
          <reporter-output>
          </reporter-output>
        </test-method> <!-- beforeClass -->
        <test-method signature="f()[pri:0, instance:com.testNGDemo.CrossBrowser@70e38ce1]" started-at="2025-05-10T17:43:35 MDT" name="f" finished-at="2025-05-10T17:43:48 MDT" duration-ms="12368" status="PASS">
          <reporter-output>
          </reporter-output>
        </test-method> <!-- f -->
        <test-method is-config="true" signature="afterClass()[pri:0, instance:com.testNGDemo.CrossBrowser@70e38ce1]" started-at="2025-05-10T17:43:48 MDT" name="afterClass" finished-at="2025-05-10T17:43:49 MDT" duration-ms="1298" status="PASS">
          <reporter-output>
          </reporter-output>
        </test-method> <!-- afterClass -->
      </class> <!-- com.testNGDemo.CrossBrowser -->
    </test> <!-- FirefoxTestResults -->
    <test started-at="2025-05-10T17:43:49 MDT" name="SafariTestResults" finished-at="2025-05-10T17:44:25 MDT" duration-ms="36361">
      <class name="com.testNGDemo.CrossBrowserTesting">
        <test-method is-config="true" signature="beforeClass(java.lang.String)[pri:0, instance:com.testNGDemo.CrossBrowserTesting@72d6b3ba]" started-at="2025-05-10T17:43:49 MDT" name="beforeClass" finished-at="2025-05-10T17:43:49 MDT" duration-ms="6" status="FAIL">
          <params>
            <param index="0">
              <value>
                <![CDATA[Safari]]>
              </value>
            </param>
          </params>
          <exception class="java.lang.NullPointerException">
            <message>
              <![CDATA[Cannot invoke "org.openqa.selenium.WebDriver.manage()" because "this.driver" is null]]>
            </message>
            <full-stacktrace>
              <![CDATA[java.lang.NullPointerException: Cannot invoke "org.openqa.selenium.WebDriver.manage()" because "this.driver" is null
at com.testNGDemo.CrossBrowserTesting.beforeClass(CrossBrowserTesting.java:30)
at java.base/jdk.internal.reflect.DirectMethodHandleAccessor.invoke(DirectMethodHandleAccessor.java:103)
at java.base/java.lang.reflect.Method.invoke(Method.java:580)
at org.testng.internal.invokers.MethodInvocationHelper.invokeMethod(MethodInvocationHelper.java:141)
at org.testng.internal.invokers.MethodInvocationHelper.invokeMethodConsideringTimeout(MethodInvocationHelper.java:71)
at org.testng.internal.invokers.ConfigInvoker.invokeConfigurationMethod(ConfigInvoker.java:400)
at org.testng.internal.invokers.ConfigInvoker.invokeConfigurations(ConfigInvoker.java:333)
at org.testng.internal.invokers.TestMethodWorker.invokeBeforeClassMethods(TestMethodWorker.java:188)
at org.testng.internal.invokers.TestMethodWorker.run(TestMethodWorker.java:128)
at java.base/java.util.ArrayList.forEach(ArrayList.java:1597)
at org.testng.TestRunner.privateRun(TestRunner.java:741)
at org.testng.TestRunner.run(TestRunner.java:616)
at org.testng.SuiteRunner.runTest(SuiteRunner.java:421)
at org.testng.SuiteRunner.runSequentially(SuiteRunner.java:413)
at org.testng.SuiteRunner.privateRun(SuiteRunner.java:373)
at org.testng.SuiteRunner.run(SuiteRunner.java:312)
at org.testng.SuiteRunnerWorker.runSuite(SuiteRunnerWorker.java:52)
at org.testng.SuiteRunnerWorker.run(SuiteRunnerWorker.java:95)
at org.testng.TestNG.runSuitesSequentially(TestNG.java:1274)
at org.testng.TestNG.runSuitesLocally(TestNG.java:1208)
at org.testng.TestNG.runSuites(TestNG.java:1112)
at org.testng.TestNG.run(TestNG.java:1079)
at org.testng.remote.AbstractRemoteTestNG.run(AbstractRemoteTestNG.java:115)
at org.testng.remote.RemoteTestNG.initAndRun(RemoteTestNG.java:293)
at org.testng.remote.RemoteTestNG.main(RemoteTestNG.java:91)
]]>
            </full-stacktrace>
          </exception> <!-- java.lang.NullPointerException -->
          <reporter-output>
          </reporter-output>
        </test-method> <!-- beforeClass -->
        <test-method signature="f()[pri:0, instance:com.testNGDemo.CrossBrowserTesting@72d6b3ba]" started-at="2025-05-10T17:43:49 MDT" name="f" finished-at="2025-05-10T17:43:49 MDT" duration-ms="0" status="SKIP">
          <exception class="java.lang.NullPointerException">
            <message>
              <![CDATA[Cannot invoke "org.openqa.selenium.WebDriver.manage()" because "this.driver" is null]]>
            </message>
            <full-stacktrace>
              <![CDATA[java.lang.NullPointerException: Cannot invoke "org.openqa.selenium.WebDriver.manage()" because "this.driver" is null
at com.testNGDemo.CrossBrowserTesting.beforeClass(CrossBrowserTesting.java:30)
at java.base/jdk.internal.reflect.DirectMethodHandleAccessor.invoke(DirectMethodHandleAccessor.java:103)
at java.base/java.lang.reflect.Method.invoke(Method.java:580)
at org.testng.internal.invokers.MethodInvocationHelper.invokeMethod(MethodInvocationHelper.java:141)
at org.testng.internal.invokers.MethodInvocationHelper.invokeMethodConsideringTimeout(MethodInvocationHelper.java:71)
at org.testng.internal.invokers.ConfigInvoker.invokeConfigurationMethod(ConfigInvoker.java:400)
at org.testng.internal.invokers.ConfigInvoker.invokeConfigurations(ConfigInvoker.java:333)
at org.testng.internal.invokers.TestMethodWorker.invokeBeforeClassMethods(TestMethodWorker.java:188)
at org.testng.internal.invokers.TestMethodWorker.run(TestMethodWorker.java:128)
at java.base/java.util.ArrayList.forEach(ArrayList.java:1597)
at org.testng.TestRunner.privateRun(TestRunner.java:741)
at org.testng.TestRunner.run(TestRunner.java:616)
at org.testng.SuiteRunner.runTest(SuiteRunner.java:421)
at org.testng.SuiteRunner.runSequentially(SuiteRunner.java:413)
at org.testng.SuiteRunner.privateRun(SuiteRunner.java:373)
at org.testng.SuiteRunner.run(SuiteRunner.java:312)
at org.testng.SuiteRunnerWorker.runSuite(SuiteRunnerWorker.java:52)
at org.testng.SuiteRunnerWorker.run(SuiteRunnerWorker.java:95)
at org.testng.TestNG.runSuitesSequentially(TestNG.java:1274)
at org.testng.TestNG.runSuitesLocally(TestNG.java:1208)
at org.testng.TestNG.runSuites(TestNG.java:1112)
at org.testng.TestNG.run(TestNG.java:1079)
at org.testng.remote.AbstractRemoteTestNG.run(AbstractRemoteTestNG.java:115)
at org.testng.remote.RemoteTestNG.initAndRun(RemoteTestNG.java:293)
at org.testng.remote.RemoteTestNG.main(RemoteTestNG.java:91)
]]>
            </full-stacktrace>
          </exception> <!-- java.lang.NullPointerException -->
          <reporter-output>
          </reporter-output>
        </test-method> <!-- f -->
        <test-method is-config="true" signature="afterClass()[pri:0, instance:com.testNGDemo.CrossBrowserTesting@72d6b3ba]" started-at="2025-05-10T17:43:49 MDT" name="afterClass" finished-at="2025-05-10T17:43:49 MDT" duration-ms="0" status="SKIP">
          <reporter-output>
          </reporter-output>
        </test-method> <!-- afterClass -->
      </class> <!-- com.testNGDemo.CrossBrowserTesting -->
      <class name="com.testNGDemo.CrossBrowser">
        <test-method is-config="true" signature="beforeClass()[pri:0, instance:com.testNGDemo.CrossBrowser@1787f2a0]" started-at="2025-05-10T17:43:49 MDT" name="beforeClass" finished-at="2025-05-10T17:44:13 MDT" duration-ms="23487" status="PASS">
          <reporter-output>
          </reporter-output>
        </test-method> <!-- beforeClass -->
        <test-method signature="f()[pri:0, instance:com.testNGDemo.CrossBrowser@1787f2a0]" started-at="2025-05-10T17:44:13 MDT" name="f" finished-at="2025-05-10T17:44:24 MDT" duration-ms="11547" status="PASS">
          <reporter-output>
          </reporter-output>
        </test-method> <!-- f -->
        <test-method is-config="true" signature="afterClass()[pri:0, instance:com.testNGDemo.CrossBrowser@1787f2a0]" started-at="2025-05-10T17:44:24 MDT" name="afterClass" finished-at="2025-05-10T17:44:25 MDT" duration-ms="1304" status="PASS">
          <reporter-output>
          </reporter-output>
        </test-method> <!-- afterClass -->
      </class> <!-- com.testNGDemo.CrossBrowser -->
    </test> <!-- SafariTestResults -->
  </suite> <!-- CBT_Suite -->
</testng-results>
